<?xml version="1.0" encoding="UTF-8"?>
<robot generator="Robot 6.1.1 (Python 3.9.6 on darwin)" generated="20231102 14:24:54.860" rpa="false" schemaversion="4">
<suite id="s1" name="Test Pass" source="/Users/localhost/Desktop/gitlab_to_github/Testsuites/test_pass.robot">
<test id="s1-t1" name="Github1_1_001 Run Github Pass" line="5">
<kw name="Open Browser Google" library="test">
<kw name="New Browser" library="Browser">
<tag>BrowserControl</tag>
<tag>Setter</tag>
<doc>Create a new playwright Browser with specified options.</doc>
<msg timestamp="20231102 14:24:55.354" level="INFO">{"browser": "chromium", "headless": true, "chromiumSandbox": false, "devtools": false, "handleSIGHUP": true, "handleSIGINT": true, "handleSIGTERM": true, "slowMo": 0.0, "timeout": 30000.0, "tracesDir": "/Users/localhost/Desktop/gitlab_to_github/Testsuites/browser/traces/752c6afb-e663-43a6-a8d2-6f9076fbf7da"}</msg>
<msg timestamp="20231102 14:24:55.703" level="INFO">Successfully created browser with options: {"browser":"chromium","headless":true,"chromiumSandbox":false,"devtools":false,"handleSIGHUP":true,"handleSIGINT":true,"handleSIGTERM":true,"slowMo":0,"timeout":30000,"tracesDir":"/Users/localhost/Desktop/gitlab_to_github/Testsuites/browser/traces/752c6afb-e663-43a6-a8d2-6f9076fbf7da"}</msg>
<status status="PASS" starttime="20231102 14:24:55.354" endtime="20231102 14:24:55.704"/>
</kw>
<kw name="New Page" library="Browser">
<arg>${msg_google}</arg>
<tag>BrowserControl</tag>
<tag>Setter</tag>
<doc>Open a new Page.</doc>
<msg timestamp="20231102 14:24:57.649" level="INFO">Successfully initialized new page object and opened url: https://www.google.co.th/</msg>
<msg timestamp="20231102 14:24:57.649" level="INFO">No context was open. New context was automatically opened when this page is created.</msg>
<status status="PASS" starttime="20231102 14:24:55.704" endtime="20231102 14:24:57.649"/>
</kw>
<status status="PASS" starttime="20231102 14:24:55.354" endtime="20231102 14:24:57.650"/>
</kw>
<kw name="Search Text" library="test">
<kw name="Type Text" library="Browser">
<arg>${txt_search}</arg>
<arg>${msg_robot}</arg>
<tag>PageContent</tag>
<tag>Setter</tag>
<doc>Types the given ``txt`` into the text field found by ``selector``.</doc>
<msg timestamp="20231102 14:24:57.651" level="INFO">Types the text 'Robot Framework' in the given field.</msg>
<status status="PASS" starttime="20231102 14:24:57.650" endtime="20231102 14:24:57.737"/>
</kw>
<status status="PASS" starttime="20231102 14:24:57.650" endtime="20231102 14:24:57.737"/>
</kw>
<kw name="Click Button Search" library="test">
<kw name="Keyboard Key" library="Browser">
<arg>down</arg>
<arg>Enter</arg>
<tag>PageContent</tag>
<tag>Setter</tag>
<doc>Press a keyboard key on the virtual keyboard or set a key up or down.</doc>
<status status="PASS" starttime="20231102 14:24:57.737" endtime="20231102 14:24:57.743"/>
</kw>
<status status="PASS" starttime="20231102 14:24:57.737" endtime="20231102 14:24:57.743"/>
</kw>
<status status="PASS" starttime="20231102 14:24:55.352" endtime="20231102 14:24:57.743"/>
</test>
<status status="PASS" starttime="20231102 14:24:54.861" endtime="20231102 14:24:58.108"/>
</suite>
<statistics>
<total>
<stat pass="1" fail="0" skip="0">All Tests</stat>
</total>
<tag>
</tag>
<suite>
<stat pass="1" fail="0" skip="0" id="s1" name="Test Pass">Test Pass</stat>
</suite>
</statistics>
<errors>
</errors>
</robot>
