<?xml version="1.0" encoding="UTF-8"?>
<robot generator="Robot 6.1.1 (Python 3.9.6 on darwin)" generated="20231026 23:30:45.099" rpa="false" schemaversion="4">
<suite id="s1" name="Test Pass" source="/Users/localhost/Desktop/gitlab_to_github/Testsuites/test_pass.robot">
<test id="s1-t1" name="Github1_1_001 Run Github Pass" line="5">
<kw name="Open Browser Google" library="test">
<kw name="New Browser" library="Browser">
<tag>BrowserControl</tag>
<tag>Setter</tag>
<doc>Create a new playwright Browser with specified options.</doc>
<msg timestamp="20231026 23:30:45.596" level="INFO">{"browser": "chromium", "headless": true, "chromiumSandbox": false, "devtools": false, "handleSIGHUP": true, "handleSIGINT": true, "handleSIGTERM": true, "slowMo": 0.0, "timeout": 30000.0, "tracesDir": "/Users/localhost/Desktop/gitlab_to_github/result/pass/browser/traces/054fa39a-eaf2-4454-a786-7ce94e25c65a"}</msg>
<msg timestamp="20231026 23:30:45.960" level="INFO">Successfully created browser with options: {"browser":"chromium","headless":true,"chromiumSandbox":false,"devtools":false,"handleSIGHUP":true,"handleSIGINT":true,"handleSIGTERM":true,"slowMo":0,"timeout":30000,"tracesDir":"/Users/localhost/Desktop/gitlab_to_github/result/pass/browser/traces/054fa39a-eaf2-4454-a786-7ce94e25c65a"}</msg>
<status status="PASS" starttime="20231026 23:30:45.596" endtime="20231026 23:30:45.960"/>
</kw>
<kw name="New Page" library="Browser">
<arg>${msg_google}</arg>
<tag>BrowserControl</tag>
<tag>Setter</tag>
<doc>Open a new Page.</doc>
<msg timestamp="20231026 23:30:47.225" level="INFO">Successfully initialized new page object and opened url: https://www.google.co.th/</msg>
<msg timestamp="20231026 23:30:47.225" level="INFO">No context was open. New context was automatically opened when this page is created.</msg>
<status status="PASS" starttime="20231026 23:30:45.960" endtime="20231026 23:30:47.225"/>
</kw>
<status status="PASS" starttime="20231026 23:30:45.596" endtime="20231026 23:30:47.225"/>
</kw>
<kw name="Search Text" library="test">
<kw name="Type Text" library="Browser">
<arg>${txt_search}</arg>
<arg>${msg_robot}</arg>
<tag>PageContent</tag>
<tag>Setter</tag>
<doc>Types the given ``txt`` into the text field found by ``selector``.</doc>
<msg timestamp="20231026 23:30:47.226" level="INFO">Types the text 'Robot Framework' in the given field.</msg>
<status status="PASS" starttime="20231026 23:30:47.226" endtime="20231026 23:30:47.292"/>
</kw>
<status status="PASS" starttime="20231026 23:30:47.225" endtime="20231026 23:30:47.293"/>
</kw>
<kw name="Click Button Search" library="test">
<kw name="Click" library="Browser">
<arg>${btn_search}</arg>
<tag>PageContent</tag>
<tag>Setter</tag>
<doc>Simulates mouse click on the element found by ``selector``.</doc>
<status status="PASS" starttime="20231026 23:30:47.293" endtime="20231026 23:30:47.497"/>
</kw>
<status status="PASS" starttime="20231026 23:30:47.293" endtime="20231026 23:30:47.497"/>
</kw>
<kw name="Verify Text Visible" library="test">
<arg>${lbl_robot_en}</arg>
<kw name="Wait For Elements State" library="Browser">
<arg>${text}</arg>
<tag>PageContent</tag>
<tag>Wait</tag>
<doc>Waits for the element found by ``selector`` to satisfy state option.</doc>
<msg timestamp="20231026 23:30:47.700" level="INFO">Waited for Element with selector //h2/span[text()="Robot Framework"] at state visible</msg>
<status status="PASS" starttime="20231026 23:30:47.497" endtime="20231026 23:30:47.700"/>
</kw>
<status status="PASS" starttime="20231026 23:30:47.497" endtime="20231026 23:30:47.700"/>
</kw>
<status status="PASS" starttime="20231026 23:30:45.594" endtime="20231026 23:30:47.700"/>
</test>
<status status="PASS" starttime="20231026 23:30:45.101" endtime="20231026 23:30:47.746"/>
</suite>
<statistics>
<total>
<stat pass="1" fail="0" skip="0">All Tests</stat>
</total>
<tag>
</tag>
<suite>
<stat pass="1" fail="0" skip="0" id="s1" name="Test Pass">Test Pass</stat>
</suite>
</statistics>
<errors>
</errors>
</robot>
