<?xml version="1.0" encoding="UTF-8"?>
<robot generator="Robot 6.1.1 (Python 3.9.6 on darwin)" generated="20231026 23:52:42.718" rpa="false" schemaversion="4">
<suite id="s1" name="Test Pass" source="/Users/localhost/Desktop/gitlab_to_github/Testsuites/test_pass.robot">
<test id="s1-t1" name="Github1_1_001 Run Github Pass" line="5">
<kw name="Open Browser" library="Browser">
<arg>https://www.google.co.th</arg>
<arg>headless=${True}</arg>
<tag>BrowserControl</tag>
<tag>Setter</tag>
<doc>Opens a new browser instance. Use this keyword for quick experiments or debugging sessions.</doc>
<msg timestamp="20231026 23:52:43.080" level="WARN">Open Browser is for quick experimentation and debugging only. Use New Page for production.</msg>
<msg timestamp="20231026 23:52:43.080" level="INFO">{"browser": "chromium", "headless": true, "chromiumSandbox": false, "devtools": false, "handleSIGHUP": true, "handleSIGINT": true, "handleSIGTERM": true, "slowMo": 0.0, "timeout": 30000.0, "tracesDir": "/Users/localhost/Desktop/gitlab_to_github/result/pass/browser/traces/e5b78baa-c082-4bae-84e6-46b883a8414e"}</msg>
<msg timestamp="20231026 23:52:43.232" level="INFO">Successfully created browser with options: {"browser":"chromium","headless":true,"chromiumSandbox":false,"devtools":false,"handleSIGHUP":true,"handleSIGINT":true,"handleSIGTERM":true,"slowMo":0,"timeout":30000,"tracesDir":"/Users/localhost/Desktop/gitlab_to_github/result/pass/browser/traces/e5b78baa-c082-4bae-84e6-46b883a8414e"}</msg>
<msg timestamp="20231026 23:52:43.232" level="INFO">{
  "acceptDownloads": true,
  "bypassCSP": true,
  "forcedColors": "none",
  "hideRfBrowser": "",
  "ignoreHTTPSErrors": false,
  "javaScriptEnabled": true,
  "offline": false,
  "reducedMotion": "no-preference",
  "serviceWorkers": "allow",
  "viewport": {
    "width": 1280,
    "height": 720
  }
}</msg>
<msg timestamp="20231026 23:52:43.238" level="INFO">Successfully created context. </msg>
<msg timestamp="20231026 23:52:43.238" level="INFO">{'acceptDownloads': True, 'bypassCSP': True, 'forcedColors': 'none', 'hideRfBrowser': '', 'ignoreHTTPSErrors': False, 'javaScriptEnabled': True, 'offline': False, 'reducedMotion': 'no-preference', 'serviceWorkers': 'allow', 'viewport': {'width': 1280, 'height': 720}}</msg>
<msg timestamp="20231026 23:52:44.327" level="INFO">Successfully initialized new page object and opened url: https://www.google.co.th</msg>
<status status="PASS" starttime="20231026 23:52:43.079" endtime="20231026 23:52:44.328"/>
</kw>
<kw name="Get Text" library="Browser">
<var>${text}</var>
<arg>//a[@aria-label="ค้นหารูปภาพ (เปิดแท็บใหม่)"]</arg>
<tag>Assertion</tag>
<tag>Getter</tag>
<tag>PageContent</tag>
<doc>Returns text attribute of the element found by ``selector``.</doc>
<msg timestamp="20231026 23:52:44.351" level="INFO">Text: 'ค้นรูป'</msg>
<msg timestamp="20231026 23:52:44.352" level="INFO">${text} = ค้นรูป</msg>
<status status="PASS" starttime="20231026 23:52:44.328" endtime="20231026 23:52:44.352"/>
</kw>
<kw name="Should Be Equal As Strings" library="BuiltIn">
<arg>${text}</arg>
<arg>ค้นรูป</arg>
<doc>Fails if objects are unequal after converting them to strings.</doc>
<status status="PASS" starttime="20231026 23:52:44.352" endtime="20231026 23:52:44.352"/>
</kw>
<status status="PASS" starttime="20231026 23:52:43.078" endtime="20231026 23:52:44.352"/>
</test>
<status status="PASS" starttime="20231026 23:52:42.718" endtime="20231026 23:52:44.375"/>
</suite>
<statistics>
<total>
<stat pass="1" fail="0" skip="0">All Tests</stat>
</total>
<tag>
</tag>
<suite>
<stat pass="1" fail="0" skip="0" id="s1" name="Test Pass">Test Pass</stat>
</suite>
</statistics>
<errors>
<msg timestamp="20231026 23:52:43.080" level="WARN">Open Browser is for quick experimentation and debugging only. Use New Page for production.</msg>
</errors>
</robot>
