<?xml version="1.0" encoding="UTF-8"?>
<robot generator="Robot 6.1.1 (Python 3.9.6 on darwin)" generated="20231026 18:29:03.559" rpa="false" schemaversion="4">
<suite id="s1" name="Test Fail" source="/Users/localhost/Desktop/gitlab_to_github/Testsuites/test_fail.robot">
<test id="s1-t1" name="Github1_1_001 Run Github Fail" line="5">
<kw name="Open Browser Google" library="test">
<kw name="New Browser" library="Browser">
<arg>headless=${False}</arg>
<tag>BrowserControl</tag>
<tag>Setter</tag>
<doc>Create a new playwright Browser with specified options.</doc>
<msg timestamp="20231026 18:29:03.868" level="INFO">{"browser": "chromium", "headless": false, "chromiumSandbox": false, "devtools": false, "handleSIGHUP": true, "handleSIGINT": true, "handleSIGTERM": true, "slowMo": 0.0, "timeout": 30000.0, "tracesDir": "/Users/localhost/Desktop/gitlab_to_github/result/fail/browser/traces/5e0941ee-878e-4088-b231-29bf07c3aa07"}</msg>
<msg timestamp="20231026 18:29:04.124" level="INFO">Successfully created browser with options: {"browser":"chromium","headless":false,"chromiumSandbox":false,"devtools":false,"handleSIGHUP":true,"handleSIGINT":true,"handleSIGTERM":true,"slowMo":0,"timeout":30000,"tracesDir":"/Users/localhost/Desktop/gitlab_to_github/result/fail/browser/traces/5e0941ee-878e-4088-b231-29bf07c3aa07"}</msg>
<status status="PASS" starttime="20231026 18:29:03.867" endtime="20231026 18:29:04.124"/>
</kw>
<kw name="New Page" library="Browser">
<arg>${msg_google}</arg>
<tag>BrowserControl</tag>
<tag>Setter</tag>
<doc>Open a new Page.</doc>
<msg timestamp="20231026 18:29:05.871" level="INFO">Successfully initialized new page object and opened url: https://www.google.co.th/</msg>
<msg timestamp="20231026 18:29:05.871" level="INFO">No context was open. New context was automatically opened when this page is created.</msg>
<status status="PASS" starttime="20231026 18:29:04.125" endtime="20231026 18:29:05.871"/>
</kw>
<status status="PASS" starttime="20231026 18:29:03.867" endtime="20231026 18:29:05.871"/>
</kw>
<kw name="Search Text" library="test">
<kw name="Type Text" library="Browser">
<arg>${txt_search}</arg>
<arg>${msg_robot}</arg>
<tag>PageContent</tag>
<tag>Setter</tag>
<doc>Types the given ``txt`` into the text field found by ``selector``.</doc>
<msg timestamp="20231026 18:29:05.872" level="INFO">Types the text 'Robot Framework' in the given field.</msg>
<status status="PASS" starttime="20231026 18:29:05.872" endtime="20231026 18:29:05.938"/>
</kw>
<status status="PASS" starttime="20231026 18:29:05.871" endtime="20231026 18:29:05.938"/>
</kw>
<kw name="Click Button Search" library="test">
<kw name="Click" library="Browser">
<arg>${btn_search}</arg>
<tag>PageContent</tag>
<tag>Setter</tag>
<doc>Simulates mouse click on the element found by ``selector``.</doc>
<status status="PASS" starttime="20231026 18:29:05.938" endtime="20231026 18:29:06.127"/>
</kw>
<status status="PASS" starttime="20231026 18:29:05.938" endtime="20231026 18:29:06.127"/>
</kw>
<kw name="Verify Text Visible" library="test">
<arg>${lbl_robot_th}</arg>
<kw name="Wait For Elements State" library="Browser">
<arg>${text}</arg>
<tag>PageContent</tag>
<tag>Wait</tag>
<doc>Waits for the element found by ``selector`` to satisfy state option.</doc>
<msg timestamp="20231026 18:29:16.271" level="INFO" html="true">&lt;/td&gt;&lt;/tr&gt;&lt;tr&gt;&lt;td colspan="3"&gt;&lt;a href="browser/screenshot/fail-screenshot-1.png" target="_blank"&gt;&lt;img src="browser/screenshot/fail-screenshot-1.png" width="800px"/&gt;&lt;/a&gt;</msg>
<msg timestamp="20231026 18:29:16.271" level="INFO">See also file:///Users/localhost/Desktop/gitlab_to_github/result/fail/playwright-log.txt for additional details.</msg>
<msg timestamp="20231026 18:29:16.271" level="FAIL">TimeoutError: locator.waitFor: Timeout 10000ms exceeded.
=========================== logs ===========================
waiting for locator('xpath=//h2/span[text()="โรบอท"]') to be visible
============================================================
Tip: Use "Set Browser Timeout" for increasing the timeout or double check your locator as the targeted element(s) couldn't be found.</msg>
<status status="FAIL" starttime="20231026 18:29:06.127" endtime="20231026 18:29:16.277"/>
</kw>
<status status="FAIL" starttime="20231026 18:29:06.127" endtime="20231026 18:29:16.277"/>
</kw>
<status status="FAIL" starttime="20231026 18:29:03.865" endtime="20231026 18:29:16.278">TimeoutError: locator.waitFor: Timeout 10000ms exceeded.
=========================== logs ===========================
waiting for locator('xpath=//h2/span[text()="โรบอท"]') to be visible
============================================================
Tip: Use "Set Browser Timeout" for increasing the timeout or double check your locator as the targeted element(s) couldn't be found.</status>
</test>
<status status="FAIL" starttime="20231026 18:29:03.560" endtime="20231026 18:29:16.336"/>
</suite>
<statistics>
<total>
<stat pass="0" fail="1" skip="0">All Tests</stat>
</total>
<tag>
</tag>
<suite>
<stat pass="0" fail="1" skip="0" id="s1" name="Test Fail">Test Fail</stat>
</suite>
</statistics>
<errors>
</errors>
</robot>
